<?xml version="1.0" encoding="UTF-8"?>
<!-- Generated by org.testng.reporters.JUnitReportReporter -->
<testsuite hostname="DESKTOP-4QG5HHP" failures="0" tests="11" name="tests.HomePageTest" time="108.922" errors="0" timestamp="2024-05-23T03:00:12 IST" skipped="0">
  <testcase classname="tests.HomePageTest" name="validateSearchFunctionalityForWeatherInformation" time="9.853"/>
  <system-out/>
  <testcase classname="tests.HomePageTest" name="validateWeatherDetailsForSearchedCity" time="9.297"/>
  <system-out/>
  <testcase classname="tests.HomePageTest" name="validateWeatherInYourCitySearchBoxFunctionality" time="6.547"/>
  <system-out/>
  <testcase classname="tests.HomePageTest" name="verifyWeatherInYourCityDetails" time="9.046"/>
  <system-out/>
  <testcase classname="tests.HomePageTest" name="verifySearchBoxFunctionalitiesByEnteringInvalidCityName" time="12.316"/>
  <system-out/>
  <testcase classname="tests.HomePageTest" name="verifyClickOnMapSectionFunctionality" time="5.804"/>
  <system-out/>
  <testcase classname="tests.HomePageTest" name="VerifyGlobalPrecipitationLayersUnderMapSectionCanToggle" time="10.317"/>
  <system-out/>
  <testcase classname="tests.HomePageTest" name="VerifyPressureLayersUnderMapSectionCanToggle" time="9.063"/>
  <system-out/>
  <testcase classname="tests.HomePageTest" name="VerifyTemperatureLayersUnderMapSectionCanToggle" time="10.460"/>
  <system-out/>
  <testcase classname="tests.HomePageTest" name="VerifyWindspeedLayersUnderMapSectionCanToggle" time="9.831"/>
  <system-out/>
  <testcase classname="tests.HomePageTest" name="VerifyCloudsLayersUnderMapSectionCanToggle" time="16.388"/>
  <system-out/>
</testsuite> <!-- tests.HomePageTest -->
