<?xml version="1.0" encoding="UTF-8"?>
<!-- Generated by org.testng.reporters.JUnitReportReporter -->
<testsuite hostname="DESKTOP-4QG5HHP" failures="0" tests="11" name="tests.HomePageTest" time="141.704" errors="0" timestamp="2024-05-23T02:36:01 IST" skipped="0">
  <testcase classname="tests.HomePageTest" name="validateSearchFunctionalityForWeatherInformation" time="10.244"/>
  <system-out/>
  <testcase classname="tests.HomePageTest" name="validateWeatherDetailsForSearchedCity" time="11.065"/>
  <system-out/>
  <testcase classname="tests.HomePageTest" name="validateWeatherInYourCitySearchBoxFunctionality" time="17.848"/>
  <system-out/>
  <testcase classname="tests.HomePageTest" name="verifyWeatherInYourCityDetails" time="10.071"/>
  <system-out/>
  <testcase classname="tests.HomePageTest" name="verifySearchBoxFunctionalitiesByEnteringInvalidCityName" time="13.834"/>
  <system-out/>
  <testcase classname="tests.HomePageTest" name="verifyClickOnMapSectionFunctionality" time="12.889"/>
  <system-out/>
  <testcase classname="tests.HomePageTest" name="VerifyGlobalPrecipitationLayersUnderMapSectionCanToggle" time="9.459"/>
  <system-out/>
  <testcase classname="tests.HomePageTest" name="VerifyPressureLayersUnderMapSectionCanToggle" time="12.352"/>
  <system-out/>
  <testcase classname="tests.HomePageTest" name="VerifyTemperatureLayersUnderMapSectionCanToggle" time="14.753"/>
  <system-out/>
  <testcase classname="tests.HomePageTest" name="VerifyWindspeedLayersUnderMapSectionCanToggle" time="13.105"/>
  <system-out/>
  <testcase classname="tests.HomePageTest" name="VerifyCloudsLayersUnderMapSectionCanToggle" time="16.084"/>
  <system-out/>
</testsuite> <!-- tests.HomePageTest -->
